#
# There is insufficient memory for the Java Runtime Environment to continue.
# Native memory allocation (mmap) failed to map 41943040 bytes for committing reserved memory.
# Possible reasons:
#   The system is out of physical RAM or swap space
#   In 32 bit mode, the process size limit was hit
# Possible solutions:
#   Reduce memory load on the system
#   Increase physical memory or swap space
#   Check if swap backing store is full
#   Use 64 bit Java on a 64 bit OS
#   Decrease Java heap size (-Xmx/-Xms)
#   Decrease number of Java threads
#   Decrease Java thread stack sizes (-Xss)
#   Set larger code cache with -XX:ReservedCodeCacheSize=
# This output file may be truncated or incomplete.
#
#  Out of Memory Error (os_linux.cpp:2640), pid=13633, tid=0x00007ff28a4f8700
#
# JRE version:  (8.0_152-b01) (build )
# Java VM: OpenJDK 64-Bit Server VM (25.152-b01 mixed mode linux-amd64 compressed oops)
# Failed to write core dump. Core dumps have been disabled. To enable core dumping, try "ulimit -c unlimited" before starting Java again
#

---------------  T H R E A D  ---------------

Current thread (0x00007ff28400d800):  JavaThread "Unknown thread" [_thread_in_vm, id=13638, stack(0x00007ff28a3f8000,0x00007ff28a4f9000)]

Stack: [0x00007ff28a3f8000,0x00007ff28a4f9000],  sp=0x00007ff28a4f7620,  free space=1021k
Native frames: (J=compiled Java code, j=interpreted, Vv=VM code, C=native code)
V  [libjvm.so+0x9eb15d]  VMError::report_and_die()+0x15d
V  [libjvm.so+0x4b8eaa]  report_vm_out_of_memory(char const*, int, unsigned long, VMErrorType, char const*)+0x8a
V  [libjvm.so+0x851370]  os::pd_commit_memory(char*, unsigned long, unsigned long, bool)+0xf0
V  [libjvm.so+0x84be8f]  os::commit_memory(char*, unsigned long, unsigned long, bool)+0x1f
V  [libjvm.so+0x8c261b]  PSVirtualSpace::expand_by(unsigned long)+0x5b
V  [libjvm.so+0x8b4598]  PSOldGen::initialize(ReservedSpace, unsigned long, char const*, int)+0xa8
V  [libjvm.so+0x2c4933]  AdjoiningGenerations::AdjoiningGenerations(ReservedSpace, GenerationSizer*, unsigned long)+0x353
V  [libjvm.so+0x875021]  ParallelScavengeHeap::initialize()+0x211
V  [libjvm.so+0x9b65a9]  Universe::initialize_heap()+0x189
V  [libjvm.so+0x9b67a3]  universe_init()+0x33
V  [libjvm.so+0x5e0ba5]  init_globals()+0x55
V  [libjvm.so+0x999b93]  Threads::create_vm(JavaVMInitArgs*, bool*)+0x2b3
V  [libjvm.so+0x64e9b2]  JNI_CreateJavaVM+0x52
C  [libjli.so+0x77c8]  JavaMain+0x88
C  [libpthread.so.0+0x76da]  start_thread+0xca


---------------  P R O C E S S  ---------------

Java Threads: ( => current thread )

Other Threads:

=>0x00007ff28400d800 (exited) JavaThread "Unknown thread" [_thread_in_vm, id=13638, stack(0x00007ff28a3f8000,0x00007ff28a4f9000)]

VM state:not at safepoint (not fully initialized)

VM Mutex/Monitor currently owned by a thread: None

GC Heap History (0 events):
No events

Deoptimization events (0 events):
No events

Classes redefined (0 events):
No events

Internal exceptions (0 events):
No events

Events (0 events):
No events


Dynamic libraries:
00400000-00401000 r-xp 00000000 08:02 659918                             /home/carbonyl/JetBrains/android-studio/jre/bin/java
00600000-00601000 r--p 00000000 08:02 659918                             /home/carbonyl/JetBrains/android-studio/jre/bin/java
00601000-00602000 rw-p 00001000 08:02 659918                             /home/carbonyl/JetBrains/android-studio/jre/bin/java
00b8b000-00bac000 rw-p 00000000 00:00 0                                  [heap]
fe800000-feb00000 ---p 00000000 00:00 0 
feb00000-fff00000 rw-p 00000000 00:00 0 
fff00000-100000000 ---p 00000000 00:00 0 
7ff273f6c000-7ff2741ee000 rw-p 00000000 00:00 0 
7ff2741ee000-7ff2745a4000 ---p 00000000 00:00 0 
7ff2745a4000-7ff274814000 rwxp 00000000 00:00 0 
7ff274814000-7ff2835a4000 ---p 00000000 00:00 0 
7ff2835a4000-7ff2835be000 r-xp 00000000 08:02 660018                     /home/carbonyl/JetBrains/android-studio/jre/jre/lib/amd64/libzip.so
7ff2835be000-7ff2837be000 ---p 0001a000 08:02 660018                     /home/carbonyl/JetBrains/android-studio/jre/jre/lib/amd64/libzip.so
7ff2837be000-7ff2837bf000 r--p 0001a000 08:02 660018                     /home/carbonyl/JetBrains/android-studio/jre/jre/lib/amd64/libzip.so
7ff2837bf000-7ff2837c0000 rw-p 0001b000 08:02 660018                     /home/carbonyl/JetBrains/android-studio/jre/jre/lib/amd64/libzip.so
7ff2837c0000-7ff2837cb000 r-xp 00000000 08:02 6029408                    /lib/x86_64-linux-gnu/libnss_files-2.24.so
7ff2837cb000-7ff2839ca000 ---p 0000b000 08:02 6029408                    /lib/x86_64-linux-gnu/libnss_files-2.24.so
7ff2839ca000-7ff2839cb000 r--p 0000a000 08:02 6029408                    /lib/x86_64-linux-gnu/libnss_files-2.24.so
7ff2839cb000-7ff2839cc000 rw-p 0000b000 08:02 6029408                    /lib/x86_64-linux-gnu/libnss_files-2.24.so
7ff2839cc000-7ff2839d2000 rw-p 00000000 00:00 0 
7ff2839d2000-7ff2839dd000 r-xp 00000000 08:02 6033835                    /lib/x86_64-linux-gnu/libnss_nis-2.24.so
7ff2839dd000-7ff283bdc000 ---p 0000b000 08:02 6033835                    /lib/x86_64-linux-gnu/libnss_nis-2.24.so
7ff283bdc000-7ff283bdd000 r--p 0000a000 08:02 6033835                    /lib/x86_64-linux-gnu/libnss_nis-2.24.so
7ff283bdd000-7ff283bde000 rw-p 0000b000 08:02 6033835                    /lib/x86_64-linux-gnu/libnss_nis-2.24.so
7ff283bde000-7ff283bf4000 r-xp 00000000 08:02 6029405                    /lib/x86_64-linux-gnu/libnsl-2.24.so
7ff283bf4000-7ff283df3000 ---p 00016000 08:02 6029405                    /lib/x86_64-linux-gnu/libnsl-2.24.so
7ff283df3000-7ff283df4000 r--p 00015000 08:02 6029405                    /lib/x86_64-linux-gnu/libnsl-2.24.so
7ff283df4000-7ff283df5000 rw-p 00016000 08:02 6029405                    /lib/x86_64-linux-gnu/libnsl-2.24.so
7ff283df5000-7ff283df7000 rw-p 00000000 00:00 0 
7ff283df7000-7ff283dff000 r-xp 00000000 08:02 6029406                    /lib/x86_64-linux-gnu/libnss_compat-2.24.so
7ff283dff000-7ff283ffe000 ---p 00008000 08:02 6029406                    /lib/x86_64-linux-gnu/libnss_compat-2.24.so
7ff283ffe000-7ff283fff000 r--p 00007000 08:02 6029406                    /lib/x86_64-linux-gnu/libnss_compat-2.24.so
7ff283fff000-7ff284000000 rw-p 00008000 08:02 6029406                    /lib/x86_64-linux-gnu/libnss_compat-2.24.so
7ff284000000-7ff284038000 rw-p 00000000 00:00 0 
7ff284038000-7ff288000000 ---p 00000000 00:00 0 
7ff2880a9000-7ff2880d6000 r-xp 00000000 08:02 660017                     /home/carbonyl/JetBrains/android-studio/jre/jre/lib/amd64/libjava.so
7ff2880d6000-7ff2882d5000 ---p 0002d000 08:02 660017                     /home/carbonyl/JetBrains/android-studio/jre/jre/lib/amd64/libjava.so
7ff2882d5000-7ff2882d6000 r--p 0002c000 08:02 660017                     /home/carbonyl/JetBrains/android-studio/jre/jre/lib/amd64/libjava.so
7ff2882d6000-7ff2882d8000 rw-p 0002d000 08:02 660017                     /home/carbonyl/JetBrains/android-studio/jre/jre/lib/amd64/libjava.so
7ff2882d8000-7ff2882e8000 r-xp 00000000 08:02 660023                     /home/carbonyl/JetBrains/android-studio/jre/jre/lib/amd64/libverify.so
7ff2882e8000-7ff2884e7000 ---p 00010000 08:02 660023                     /home/carbonyl/JetBrains/android-studio/jre/jre/lib/amd64/libverify.so
7ff2884e7000-7ff2884e9000 r--p 0000f000 08:02 660023                     /home/carbonyl/JetBrains/android-studio/jre/jre/lib/amd64/libverify.so
7ff2884e9000-7ff2884ea000 rw-p 00011000 08:02 660023                     /home/carbonyl/JetBrains/android-studio/jre/jre/lib/amd64/libverify.so
7ff2884ea000-7ff2884f1000 r-xp 00000000 08:02 6033958                    /lib/x86_64-linux-gnu/librt-2.24.so
7ff2884f1000-7ff2886f0000 ---p 00007000 08:02 6033958                    /lib/x86_64-linux-gnu/librt-2.24.so
7ff2886f0000-7ff2886f1000 r--p 00006000 08:02 6033958                    /lib/x86_64-linux-gnu/librt-2.24.so
7ff2886f1000-7ff2886f2000 rw-p 00007000 08:02 6033958                    /lib/x86_64-linux-gnu/librt-2.24.so
7ff2886f2000-7ff2887fa000 r-xp 00000000 08:02 6029402                    /lib/x86_64-linux-gnu/libm-2.24.so
7ff2887fa000-7ff2889f9000 ---p 00108000 08:02 6029402                    /lib/x86_64-linux-gnu/libm-2.24.so
7ff2889f9000-7ff2889fa000 r--p 00107000 08:02 6029402                    /lib/x86_64-linux-gnu/libm-2.24.so
7ff2889fa000-7ff2889fb000 rw-p 00108000 08:02 6029402                    /lib/x86_64-linux-gnu/libm-2.24.so
7ff2889fb000-7ff2895f3000 r-xp 00000000 08:02 660027                     /home/carbonyl/JetBrains/android-studio/jre/jre/lib/amd64/server/libjvm.so
7ff2895f3000-7ff2897f3000 ---p 00bf8000 08:02 660027                     /home/carbonyl/JetBrains/android-studio/jre/jre/lib/amd64/server/libjvm.so
7ff2897f3000-7ff289892000 r--p 00bf8000 08:02 660027                     /home/carbonyl/JetBrains/android-studio/jre/jre/lib/amd64/server/libjvm.so
7ff289892000-7ff2898bb000 rw-p 00c97000 08:02 660027                     /home/carbonyl/JetBrains/android-studio/jre/jre/lib/amd64/server/libjvm.so
7ff2898bb000-7ff2898ff000 rw-p 00000000 00:00 0 
7ff2898ff000-7ff289917000 r-xp 00000000 08:02 6033952                    /lib/x86_64-linux-gnu/libpthread-2.24.so
7ff289917000-7ff289b17000 ---p 00018000 08:02 6033952                    /lib/x86_64-linux-gnu/libpthread-2.24.so
7ff289b17000-7ff289b18000 r--p 00018000 08:02 6033952                    /lib/x86_64-linux-gnu/libpthread-2.24.so
7ff289b18000-7ff289b19000 rw-p 00019000 08:02 6033952                    /lib/x86_64-linux-gnu/libpthread-2.24.so
7ff289b19000-7ff289b1d000 rw-p 00000000 00:00 0 
7ff289b1d000-7ff289b20000 r-xp 00000000 08:02 6029401                    /lib/x86_64-linux-gnu/libdl-2.24.so
7ff289b20000-7ff289d1f000 ---p 00003000 08:02 6029401                    /lib/x86_64-linux-gnu/libdl-2.24.so
7ff289d1f000-7ff289d20000 r--p 00002000 08:02 6029401                    /lib/x86_64-linux-gnu/libdl-2.24.so
7ff289d20000-7ff289d21000 rw-p 00003000 08:02 6029401                    /lib/x86_64-linux-gnu/libdl-2.24.so
7ff289d21000-7ff289edf000 r-xp 00000000 08:02 6029398                    /lib/x86_64-linux-gnu/libc-2.24.so
7ff289edf000-7ff28a0de000 ---p 001be000 08:02 6029398                    /lib/x86_64-linux-gnu/libc-2.24.so
7ff28a0de000-7ff28a0e2000 r--p 001bd000 08:02 6029398                    /lib/x86_64-linux-gnu/libc-2.24.so
7ff28a0e2000-7ff28a0e4000 rw-p 001c1000 08:02 6029398                    /lib/x86_64-linux-gnu/libc-2.24.so
7ff28a0e4000-7ff28a0e8000 rw-p 00000000 00:00 0 
7ff28a0e8000-7ff28a0fe000 r-xp 00000000 08:02 659966                     /home/carbonyl/JetBrains/android-studio/jre/lib/amd64/jli/libjli.so
7ff28a0fe000-7ff28a2fd000 ---p 00016000 08:02 659966                     /home/carbonyl/JetBrains/android-studio/jre/lib/amd64/jli/libjli.so
7ff28a2fd000-7ff28a2fe000 r--p 00015000 08:02 659966                     /home/carbonyl/JetBrains/android-studio/jre/lib/amd64/jli/libjli.so
7ff28a2fe000-7ff28a2ff000 rw-p 00016000 08:02 659966                     /home/carbonyl/JetBrains/android-studio/jre/lib/amd64/jli/libjli.so
7ff28a2ff000-7ff28a325000 r-xp 00000000 08:02 6029394                    /lib/x86_64-linux-gnu/ld-2.24.so
7ff28a3d7000-7ff28a3ec000 ---p 00000000 00:00 0 
7ff28a3ec000-7ff28a3f8000 rw-p 00000000 00:00 0 
7ff28a3f8000-7ff28a3fb000 ---p 00000000 00:00 0 
7ff28a3fb000-7ff28a4fb000 rw-p 00000000 00:00 0 
7ff28a517000-7ff28a51f000 rw-s 00000000 08:02 6954592                    /tmp/hsperfdata_carbonyl/13633
7ff28a51f000-7ff28a520000 rw-p 00000000 00:00 0 
7ff28a520000-7ff28a521000 r--p 00000000 00:00 0 
7ff28a521000-7ff28a524000 rw-p 00000000 00:00 0 
7ff28a524000-7ff28a525000 r--p 00025000 08:02 6029394                    /lib/x86_64-linux-gnu/ld-2.24.so
7ff28a525000-7ff28a526000 rw-p 00026000 08:02 6029394                    /lib/x86_64-linux-gnu/ld-2.24.so
7ff28a526000-7ff28a527000 rw-p 00000000 00:00 0 
7ffd4588e000-7ffd458b0000 rw-p 00000000 00:00 0                          [stack]
7ffd45940000-7ffd45942000 r--p 00000000 00:00 0                          [vvar]
7ffd45942000-7ffd45944000 r-xp 00000000 00:00 0                          [vdso]
ffffffffff600000-ffffffffff601000 r-xp 00000000 00:00 0                  [vsyscall]

VM Arguments:
jvm_args: -Djava.awt.headless=true -Xmx64M -Dfile.encoding=UTF-8 -Duser.country=CN -Duser.language=zh -Duser.variant 
java_command: com.google.devtools.build.android.desugar.Desugar --input /home/carbonyl/Github/GCI2017/contact-groups-android/app/build/intermediates/transforms/stackFramesFixer/debug/21.jar --output /home/carbonyl/Github/GCI2017/contact-groups-android/app/build/intermediates/transforms/desugar/debug/22.jar --input /home/carbonyl/Github/GCI2017/contact-groups-android/app/build/intermediates/transforms/stackFramesFixer/debug/4.jar --output /home/carbonyl/Github/GCI2017/contact-groups-android/app/build/intermediates/transforms/desugar/debug/5.jar --input /home/carbonyl/Github/GCI2017/contact-groups-android/app/build/intermediates/transforms/stackFramesFixer/debug/8.jar --output /home/carbonyl/Github/GCI2017/contact-groups-android/app/build/intermediates/transforms/desugar/debug/9.jar --input /home/carbonyl/Github/GCI2017/contact-groups-android/app/build/intermediates/transforms/stackFramesFixer/debug/18.jar --output /home/carbonyl/Github/GCI2017/contact-groups-android/app/build/intermediates/transforms/desugar/debug/19.jar --input /home/carbonyl/Github/GCI2017/contact-groups-android/app/build/intermediates/transforms/stackFramesFixer/debug/22.jar --output /home/carbonyl/Github/GCI2017/contact-groups-android/app/build/intermediates/transforms/desugar/debug/23.jar --input /home/carbonyl/Github/GCI2017/contact-groups-android/app/build/intermediates/transforms/stackFramesFixer/debug/1.jar --output /home/carbonyl/Github/GCI2017/contact-groups-android/app/build/intermediates/transforms/desugar/debug/2.jar --classpath_entry /home/carbonyl/Github/GCI2017/contact-groups-android/app/build/intermediates/classes/debug --classpath_entry /home/carbonyl/Github/GCI2017/contact-groups-android/app/build/intermediates/transforms/stackFramesFixer/debug/0.jar --classpath_entry /home/carbonyl/Github/GCI2017/contact-groups-android/app/build/intermediates/transforms/stackFramesFixer/debug/1.jar --classpath_entry /home/carbonyl/Github/GCI2017/contact-groups-android/app/build/intermediates/tr
java_class_path (initial): /tmp/desugar_deploy.jar747693342582809196
Launcher Type: SUN_STANDARD

Environment Variables:
PATH=/usr/local/sbin:/usr/local/bin:/usr/sbin:/usr/bin:/sbin:/bin:/usr/games:/usr/local/games:/snap/bin
LD_LIBRARY_PATH=/home/carbonyl/JetBrains/android-studio/bin:
SHELL=/bin/bash
DISPLAY=:0

Signal Handlers:
SIGSEGV: [libjvm.so+0x9ebc60], sa_mask[0]=11111111011111111101111111111110, sa_flags=SA_RESTART|SA_SIGINFO
SIGBUS: [libjvm.so+0x9ebc60], sa_mask[0]=11111111011111111101111111111110, sa_flags=SA_RESTART|SA_SIGINFO
SIGFPE: [libjvm.so+0x84cf60], sa_mask[0]=11111111011111111101111111111110, sa_flags=SA_RESTART|SA_SIGINFO
SIGPIPE: [libjvm.so+0x84cf60], sa_mask[0]=11111111011111111101111111111110, sa_flags=SA_RESTART|SA_SIGINFO
SIGXFSZ: [libjvm.so+0x84cf60], sa_mask[0]=11111111011111111101111111111110, sa_flags=SA_RESTART|SA_SIGINFO
SIGILL: [libjvm.so+0x84cf60], sa_mask[0]=11111111011111111101111111111110, sa_flags=SA_RESTART|SA_SIGINFO
SIGUSR1: SIG_DFL, sa_mask[0]=00000000000000000000000000000000, sa_flags=none
SIGUSR2: [libjvm.so+0x84ce30], sa_mask[0]=00100000000000000000000000000000, sa_flags=SA_RESTART|SA_SIGINFO
SIGHUP: SIG_DFL, sa_mask[0]=00000000000000000000000000000000, sa_flags=none
SIGINT: SIG_DFL, sa_mask[0]=00000000000000000000000000000000, sa_flags=none
SIGTERM: SIG_DFL, sa_mask[0]=00000000000000000000000000000000, sa_flags=none
SIGQUIT: SIG_DFL, sa_mask[0]=00000000000000000000000000000000, sa_flags=none


---------------  S Y S T E M  ---------------

OS:DISTRIB_ID=Ubuntu
DISTRIB_RELEASE=17.04
DISTRIB_CODENAME=zesty
DISTRIB_DESCRIPTION="Ubuntu 17.04"

uname:Linux 4.10.0-19-generic #21-Ubuntu SMP Thu Apr 6 17:04:57 UTC 2017 x86_64
libc:glibc 2.24 NPTL 2.24 
rlimit: STACK 8192k, CORE 0k, NPROC 14696, NOFILE 4096, AS infinity
load average:2.01 1.40 1.36

/proc/meminfo:
MemTotal:        3893244 kB
MemFree:           86076 kB
MemAvailable:          0 kB
Buffers:             316 kB
Cached:           290792 kB
SwapCached:          292 kB
Active:          2944212 kB
Inactive:         591996 kB
Active(anon):    2939628 kB
Inactive(anon):   587972 kB
Active(file):       4584 kB
Inactive(file):     4024 kB
Unevictable:         448 kB
Mlocked:             448 kB
SwapTotal:       2097148 kB
SwapFree:              0 kB
Dirty:                36 kB
Writeback:            96 kB
AnonPages:       3245500 kB
Mapped:             7528 kB
Shmem:            282252 kB
Slab:             114628 kB
SReclaimable:      47108 kB
SUnreclaim:        67520 kB
KernelStack:       17568 kB
PageTables:        79176 kB
NFS_Unstable:          0 kB
Bounce:                0 kB
WritebackTmp:          0 kB
CommitLimit:     4043768 kB
Committed_AS:   13649440 kB
VmallocTotal:   34359738367 kB
VmallocUsed:           0 kB
VmallocChunk:          0 kB
HardwareCorrupted:     0 kB
AnonHugePages:    641024 kB
ShmemHugePages:        0 kB
ShmemPmdMapped:        0 kB
CmaTotal:              0 kB
CmaFree:               0 kB
HugePages_Total:       0
HugePages_Free:        0
HugePages_Rsvd:        0
HugePages_Surp:        0
Hugepagesize:       2048 kB
DirectMap4k:      267036 kB
DirectMap2M:     3776512 kB
DirectMap1G:           0 kB


CPU:total 4 (initial active 4) (2 cores per cpu, 2 threads per core) family 6 model 78 stepping 3, cmov, cx8, fxsr, mmx, sse, sse2, sse3, ssse3, sse4.1, sse4.2, popcnt, avx, avx2, aes, clmul, erms, rtm, 3dnowpref, lzcnt, ht, tsc, tscinvbit, bmi1, bmi2, adx

/proc/cpuinfo:
processor	: 0
vendor_id	: GenuineIntel
cpu family	: 6
model		: 78
model name	: Intel(R) Core(TM) i3-6100U CPU @ 2.30GHz
stepping	: 3
microcode	: 0x9e
cpu MHz		: 2300.000
cache size	: 3072 KB
physical id	: 0
siblings	: 4
core id		: 0
cpu cores	: 2
apicid		: 0
initial apicid	: 0
fpu		: yes
fpu_exception	: yes
cpuid level	: 22
wp		: yes
flags		: fpu vme de pse tsc msr pae mce cx8 apic sep mtrr pge mca cmov pat pse36 clflush dts acpi mmx fxsr sse sse2 ss ht tm pbe syscall nx pdpe1gb rdtscp lm constant_tsc art arch_perfmon pebs bts rep_good nopl xtopology nonstop_tsc aperfmperf tsc_known_freq pni pclmulqdq dtes64 monitor ds_cpl vmx est tm2 ssse3 sdbg fma cx16 xtpr pdcm pcid sse4_1 sse4_2 x2apic movbe popcnt tsc_deadline_timer aes xsave avx f16c rdrand lahf_lm abm 3dnowprefetch epb intel_pt tpr_shadow vnmi flexpriority ept vpid fsgsbase tsc_adjust bmi1 hle avx2 smep bmi2 erms invpcid rtm mpx rdseed adx smap clflushopt xsaveopt xsavec xgetbv1 xsaves dtherm ida arat pln pts hwp hwp_notify hwp_act_window hwp_epp
bugs		:
bogomips	: 4608.00
clflush size	: 64
cache_alignment	: 64
address sizes	: 39 bits physical, 48 bits virtual
power management:

processor	: 1
vendor_id	: GenuineIntel
cpu family	: 6
model		: 78
model name	: Intel(R) Core(TM) i3-6100U CPU @ 2.30GHz
stepping	: 3
microcode	: 0x9e
cpu MHz		: 2300.000
cache size	: 3072 KB
physical id	: 0
siblings	: 4
core id		: 1
cpu cores	: 2
apicid		: 2
initial apicid	: 2
fpu		: yes
fpu_exception	: yes
cpuid level	: 22
wp		: yes
flags		: fpu vme de pse tsc msr pae mce cx8 apic sep mtrr pge mca cmov pat pse36 clflush dts acpi mmx fxsr sse sse2 ss ht tm pbe syscall nx pdpe1gb rdtscp lm constant_tsc art arch_perfmon pebs bts rep_good nopl xtopology nonstop_tsc aperfmperf tsc_known_freq pni pclmulqdq dtes64 monitor ds_cpl vmx est tm2 ssse3 sdbg fma cx16 xtpr pdcm pcid sse4_1 sse4_2 x2apic movbe popcnt tsc_deadline_timer aes xsave avx f16c rdrand lahf_lm abm 3dnowprefetch epb intel_pt tpr_shadow vnmi flexpriority ept vpid fsgsbase tsc_adjust bmi1 hle avx2 smep bmi2 erms invpcid rtm mpx rdseed adx smap clflushopt xsaveopt xsavec xgetbv1 xsaves dtherm ida arat pln pts hwp hwp_notify hwp_act_window hwp_epp
bugs		:
bogomips	: 4608.00
clflush size	: 64
cache_alignment	: 64
address sizes	: 39 bits physical, 48 bits virtual
power management:

processor	: 2
vendor_id	: GenuineIntel
cpu family	: 6
model		: 78
model name	: Intel(R) Core(TM) i3-6100U CPU @ 2.30GHz
stepping	: 3
microcode	: 0x9e
cpu MHz		: 2299.859
cache size	: 3072 KB
physical id	: 0
siblings	: 4
core id		: 0
cpu cores	: 2
apicid		: 1
initial apicid	: 1
fpu		: yes
fpu_exception	: yes
cpuid level	: 22
wp		: yes
flags		: fpu vme de pse tsc msr pae mce cx8 apic sep mtrr pge mca cmov pat pse36 clflush dts acpi mmx fxsr sse sse2 ss ht tm pbe syscall nx pdpe1gb rdtscp lm constant_tsc art arch_perfmon pebs bts rep_good nopl xtopology nonstop_tsc aperfmperf tsc_known_freq pni pclmulqdq dtes64 monitor ds_cpl vmx est tm2 ssse3 sdbg fma cx16 xtpr pdcm pcid sse4_1 sse4_2 x2apic movbe popcnt tsc_deadline_timer aes xsave avx f16c rdrand lahf_lm abm 3dnowprefetch epb intel_pt tpr_shadow vnmi flexpriority ept vpid fsgsbase tsc_adjust bmi1 hle avx2 smep bmi2 erms invpcid rtm mpx rdseed adx smap clflushopt xsaveopt xsavec xgetbv1 xsaves dtherm ida arat pln pts hwp hwp_notify hwp_act_window hwp_epp
bugs		:
bogomips	: 4608.00
clflush size	: 64
cache_alignment	: 64
address sizes	: 39 bits physical, 48 bits virtual
power management:

processor	: 3
vendor_id	: GenuineIntel
cpu family	: 6
model		: 78
model name	: Intel(R) Core(TM) i3-6100U CPU @ 2.30GHz
stepping	: 3
microcode	: 0x9e
cpu MHz		: 2300.000
cache size	: 3072 KB
physical id	: 0
siblings	: 4
core id		: 1
cpu cores	: 2
apicid		: 3
initial apicid	: 3
fpu		: yes
fpu_exception	: yes
cpuid level	: 22
wp		: yes
flags		: fpu vme de pse tsc msr pae mce cx8 apic sep mtrr pge mca cmov pat pse36 clflush dts acpi mmx fxsr sse sse2 ss ht tm pbe syscall nx pdpe1gb rdtscp lm constant_tsc art arch_perfmon pebs bts rep_good nopl xtopology nonstop_tsc aperfmperf tsc_known_freq pni pclmulqdq dtes64 monitor ds_cpl vmx est tm2 ssse3 sdbg fma cx16 xtpr pdcm pcid sse4_1 sse4_2 x2apic movbe popcnt tsc_deadline_timer aes xsave avx f16c rdrand lahf_lm abm 3dnowprefetch epb intel_pt tpr_shadow vnmi flexpriority ept vpid fsgsbase tsc_adjust bmi1 hle avx2 smep bmi2 erms invpcid rtm mpx rdseed adx smap clflushopt xsaveopt xsavec xgetbv1 xsaves dtherm ida arat pln pts hwp hwp_notify hwp_act_window hwp_epp
bugs		:
bogomips	: 4608.00
clflush size	: 64
cache_alignment	: 64
address sizes	: 39 bits physical, 48 bits virtual
power management:



Memory: 4k page, physical 3893244k(86548k free), swap 2097148k(0k free)

vm_info: OpenJDK 64-Bit Server VM (25.152-b01) for linux-amd64 JRE (1.8.0_152-release-915-b01), built by "builder" with gcc 4.8.4

time: Tue Dec 19 14:57:32 2017
elapsed time: 1 seconds (0d 0h 0m 1s)

