#
# There is insufficient memory for the Java Runtime Environment to continue.
# Native memory allocation (mmap) failed to map 41943040 bytes for committing reserved memory.
# Possible reasons:
#   The system is out of physical RAM or swap space
#   In 32 bit mode, the process size limit was hit
# Possible solutions:
#   Reduce memory load on the system
#   Increase physical memory or swap space
#   Check if swap backing store is full
#   Use 64 bit Java on a 64 bit OS
#   Decrease Java heap size (-Xmx/-Xms)
#   Decrease number of Java threads
#   Decrease Java thread stack sizes (-Xss)
#   Set larger code cache with -XX:ReservedCodeCacheSize=
# This output file may be truncated or incomplete.
#
#  Out of Memory Error (os_linux.cpp:2640), pid=13631, tid=0x00007ffbc42cf700
#
# JRE version:  (8.0_152-b01) (build )
# Java VM: OpenJDK 64-Bit Server VM (25.152-b01 mixed mode linux-amd64 compressed oops)
# Failed to write core dump. Core dumps have been disabled. To enable core dumping, try "ulimit -c unlimited" before starting Java again
#

---------------  T H R E A D  ---------------

Current thread (0x00007ffbbc00d800):  JavaThread "Unknown thread" [_thread_in_vm, id=13641, stack(0x00007ffbc41cf000,0x00007ffbc42d0000)]

Stack: [0x00007ffbc41cf000,0x00007ffbc42d0000],  sp=0x00007ffbc42ce620,  free space=1021k
Native frames: (J=compiled Java code, j=interpreted, Vv=VM code, C=native code)
V  [libjvm.so+0x9eb15d]  VMError::report_and_die()+0x15d
V  [libjvm.so+0x4b8eaa]  report_vm_out_of_memory(char const*, int, unsigned long, VMErrorType, char const*)+0x8a
V  [libjvm.so+0x851370]  os::pd_commit_memory(char*, unsigned long, unsigned long, bool)+0xf0
V  [libjvm.so+0x84be8f]  os::commit_memory(char*, unsigned long, unsigned long, bool)+0x1f
V  [libjvm.so+0x8c261b]  PSVirtualSpace::expand_by(unsigned long)+0x5b
V  [libjvm.so+0x8b4598]  PSOldGen::initialize(ReservedSpace, unsigned long, char const*, int)+0xa8
V  [libjvm.so+0x2c4933]  AdjoiningGenerations::AdjoiningGenerations(ReservedSpace, GenerationSizer*, unsigned long)+0x353
V  [libjvm.so+0x875021]  ParallelScavengeHeap::initialize()+0x211
V  [libjvm.so+0x9b65a9]  Universe::initialize_heap()+0x189
V  [libjvm.so+0x9b67a3]  universe_init()+0x33
V  [libjvm.so+0x5e0ba5]  init_globals()+0x55
V  [libjvm.so+0x999b93]  Threads::create_vm(JavaVMInitArgs*, bool*)+0x2b3
V  [libjvm.so+0x64e9b2]  JNI_CreateJavaVM+0x52
C  [libjli.so+0x77c8]  JavaMain+0x88
C  [libpthread.so.0+0x76da]  start_thread+0xca


---------------  P R O C E S S  ---------------

Java Threads: ( => current thread )

Other Threads:

=>0x00007ffbbc00d800 (exited) JavaThread "Unknown thread" [_thread_in_vm, id=13641, stack(0x00007ffbc41cf000,0x00007ffbc42d0000)]

VM state:not at safepoint (not fully initialized)

VM Mutex/Monitor currently owned by a thread: None

GC Heap History (0 events):
No events

Deoptimization events (0 events):
No events

Classes redefined (0 events):
No events

Internal exceptions (0 events):
No events

Events (0 events):
No events


Dynamic libraries:
00400000-00401000 r-xp 00000000 08:02 659918                             /home/carbonyl/JetBrains/android-studio/jre/bin/java
00600000-00601000 r--p 00000000 08:02 659918                             /home/carbonyl/JetBrains/android-studio/jre/bin/java
00601000-00602000 rw-p 00001000 08:02 659918                             /home/carbonyl/JetBrains/android-studio/jre/bin/java
022f6000-02317000 rw-p 00000000 00:00 0                                  [heap]
fe800000-feb00000 ---p 00000000 00:00 0 
feb00000-fff00000 rw-p 00000000 00:00 0 
fff00000-100000000 ---p 00000000 00:00 0 
7ffbad000000-7ffbad270000 rwxp 00000000 00:00 0 
7ffbad270000-7ffbbc000000 ---p 00000000 00:00 0 
7ffbbc000000-7ffbbc038000 rw-p 00000000 00:00 0 
7ffbbc038000-7ffbc0000000 ---p 00000000 00:00 0 
7ffbc0dec000-7ffbc106e000 rw-p 00000000 00:00 0 
7ffbc106e000-7ffbc1424000 ---p 00000000 00:00 0 
7ffbc1424000-7ffbc143e000 r-xp 00000000 08:02 660018                     /home/carbonyl/JetBrains/android-studio/jre/jre/lib/amd64/libzip.so
7ffbc143e000-7ffbc163e000 ---p 0001a000 08:02 660018                     /home/carbonyl/JetBrains/android-studio/jre/jre/lib/amd64/libzip.so
7ffbc163e000-7ffbc163f000 r--p 0001a000 08:02 660018                     /home/carbonyl/JetBrains/android-studio/jre/jre/lib/amd64/libzip.so
7ffbc163f000-7ffbc1640000 rw-p 0001b000 08:02 660018                     /home/carbonyl/JetBrains/android-studio/jre/jre/lib/amd64/libzip.so
7ffbc1640000-7ffbc164b000 r-xp 00000000 08:02 6029408                    /lib/x86_64-linux-gnu/libnss_files-2.24.so
7ffbc164b000-7ffbc184a000 ---p 0000b000 08:02 6029408                    /lib/x86_64-linux-gnu/libnss_files-2.24.so
7ffbc184a000-7ffbc184b000 r--p 0000a000 08:02 6029408                    /lib/x86_64-linux-gnu/libnss_files-2.24.so
7ffbc184b000-7ffbc184c000 rw-p 0000b000 08:02 6029408                    /lib/x86_64-linux-gnu/libnss_files-2.24.so
7ffbc184c000-7ffbc1852000 rw-p 00000000 00:00 0 
7ffbc1852000-7ffbc185d000 r-xp 00000000 08:02 6033835                    /lib/x86_64-linux-gnu/libnss_nis-2.24.so
7ffbc185d000-7ffbc1a5c000 ---p 0000b000 08:02 6033835                    /lib/x86_64-linux-gnu/libnss_nis-2.24.so
7ffbc1a5c000-7ffbc1a5d000 r--p 0000a000 08:02 6033835                    /lib/x86_64-linux-gnu/libnss_nis-2.24.so
7ffbc1a5d000-7ffbc1a5e000 rw-p 0000b000 08:02 6033835                    /lib/x86_64-linux-gnu/libnss_nis-2.24.so
7ffbc1a5e000-7ffbc1a74000 r-xp 00000000 08:02 6029405                    /lib/x86_64-linux-gnu/libnsl-2.24.so
7ffbc1a74000-7ffbc1c73000 ---p 00016000 08:02 6029405                    /lib/x86_64-linux-gnu/libnsl-2.24.so
7ffbc1c73000-7ffbc1c74000 r--p 00015000 08:02 6029405                    /lib/x86_64-linux-gnu/libnsl-2.24.so
7ffbc1c74000-7ffbc1c75000 rw-p 00016000 08:02 6029405                    /lib/x86_64-linux-gnu/libnsl-2.24.so
7ffbc1c75000-7ffbc1c77000 rw-p 00000000 00:00 0 
7ffbc1c77000-7ffbc1c7f000 r-xp 00000000 08:02 6029406                    /lib/x86_64-linux-gnu/libnss_compat-2.24.so
7ffbc1c7f000-7ffbc1e7e000 ---p 00008000 08:02 6029406                    /lib/x86_64-linux-gnu/libnss_compat-2.24.so
7ffbc1e7e000-7ffbc1e7f000 r--p 00007000 08:02 6029406                    /lib/x86_64-linux-gnu/libnss_compat-2.24.so
7ffbc1e7f000-7ffbc1e80000 rw-p 00008000 08:02 6029406                    /lib/x86_64-linux-gnu/libnss_compat-2.24.so
7ffbc1e80000-7ffbc1ead000 r-xp 00000000 08:02 660017                     /home/carbonyl/JetBrains/android-studio/jre/jre/lib/amd64/libjava.so
7ffbc1ead000-7ffbc20ac000 ---p 0002d000 08:02 660017                     /home/carbonyl/JetBrains/android-studio/jre/jre/lib/amd64/libjava.so
7ffbc20ac000-7ffbc20ad000 r--p 0002c000 08:02 660017                     /home/carbonyl/JetBrains/android-studio/jre/jre/lib/amd64/libjava.so
7ffbc20ad000-7ffbc20af000 rw-p 0002d000 08:02 660017                     /home/carbonyl/JetBrains/android-studio/jre/jre/lib/amd64/libjava.so
7ffbc20af000-7ffbc20bf000 r-xp 00000000 08:02 660023                     /home/carbonyl/JetBrains/android-studio/jre/jre/lib/amd64/libverify.so
7ffbc20bf000-7ffbc22be000 ---p 00010000 08:02 660023                     /home/carbonyl/JetBrains/android-studio/jre/jre/lib/amd64/libverify.so
7ffbc22be000-7ffbc22c0000 r--p 0000f000 08:02 660023                     /home/carbonyl/JetBrains/android-studio/jre/jre/lib/amd64/libverify.so
7ffbc22c0000-7ffbc22c1000 rw-p 00011000 08:02 660023                     /home/carbonyl/JetBrains/android-studio/jre/jre/lib/amd64/libverify.so
7ffbc22c1000-7ffbc22c8000 r-xp 00000000 08:02 6033958                    /lib/x86_64-linux-gnu/librt-2.24.so
7ffbc22c8000-7ffbc24c7000 ---p 00007000 08:02 6033958                    /lib/x86_64-linux-gnu/librt-2.24.so
7ffbc24c7000-7ffbc24c8000 r--p 00006000 08:02 6033958                    /lib/x86_64-linux-gnu/librt-2.24.so
7ffbc24c8000-7ffbc24c9000 rw-p 00007000 08:02 6033958                    /lib/x86_64-linux-gnu/librt-2.24.so
7ffbc24c9000-7ffbc25d1000 r-xp 00000000 08:02 6029402                    /lib/x86_64-linux-gnu/libm-2.24.so
7ffbc25d1000-7ffbc27d0000 ---p 00108000 08:02 6029402                    /lib/x86_64-linux-gnu/libm-2.24.so
7ffbc27d0000-7ffbc27d1000 r--p 00107000 08:02 6029402                    /lib/x86_64-linux-gnu/libm-2.24.so
7ffbc27d1000-7ffbc27d2000 rw-p 00108000 08:02 6029402                    /lib/x86_64-linux-gnu/libm-2.24.so
7ffbc27d2000-7ffbc33ca000 r-xp 00000000 08:02 660027                     /home/carbonyl/JetBrains/android-studio/jre/jre/lib/amd64/server/libjvm.so
7ffbc33ca000-7ffbc35ca000 ---p 00bf8000 08:02 660027                     /home/carbonyl/JetBrains/android-studio/jre/jre/lib/amd64/server/libjvm.so
7ffbc35ca000-7ffbc3669000 r--p 00bf8000 08:02 660027                     /home/carbonyl/JetBrains/android-studio/jre/jre/lib/amd64/server/libjvm.so
7ffbc3669000-7ffbc3692000 rw-p 00c97000 08:02 660027                     /home/carbonyl/JetBrains/android-studio/jre/jre/lib/amd64/server/libjvm.so
7ffbc3692000-7ffbc36d6000 rw-p 00000000 00:00 0 
7ffbc36d6000-7ffbc36ee000 r-xp 00000000 08:02 6033952                    /lib/x86_64-linux-gnu/libpthread-2.24.so
7ffbc36ee000-7ffbc38ee000 ---p 00018000 08:02 6033952                    /lib/x86_64-linux-gnu/libpthread-2.24.so
7ffbc38ee000-7ffbc38ef000 r--p 00018000 08:02 6033952                    /lib/x86_64-linux-gnu/libpthread-2.24.so
7ffbc38ef000-7ffbc38f0000 rw-p 00019000 08:02 6033952                    /lib/x86_64-linux-gnu/libpthread-2.24.so
7ffbc38f0000-7ffbc38f4000 rw-p 00000000 00:00 0 
7ffbc38f4000-7ffbc38f7000 r-xp 00000000 08:02 6029401                    /lib/x86_64-linux-gnu/libdl-2.24.so
7ffbc38f7000-7ffbc3af6000 ---p 00003000 08:02 6029401                    /lib/x86_64-linux-gnu/libdl-2.24.so
7ffbc3af6000-7ffbc3af7000 r--p 00002000 08:02 6029401                    /lib/x86_64-linux-gnu/libdl-2.24.so
7ffbc3af7000-7ffbc3af8000 rw-p 00003000 08:02 6029401                    /lib/x86_64-linux-gnu/libdl-2.24.so
7ffbc3af8000-7ffbc3cb6000 r-xp 00000000 08:02 6029398                    /lib/x86_64-linux-gnu/libc-2.24.so
7ffbc3cb6000-7ffbc3eb5000 ---p 001be000 08:02 6029398                    /lib/x86_64-linux-gnu/libc-2.24.so
7ffbc3eb5000-7ffbc3eb9000 r--p 001bd000 08:02 6029398                    /lib/x86_64-linux-gnu/libc-2.24.so
7ffbc3eb9000-7ffbc3ebb000 rw-p 001c1000 08:02 6029398                    /lib/x86_64-linux-gnu/libc-2.24.so
7ffbc3ebb000-7ffbc3ebf000 rw-p 00000000 00:00 0 
7ffbc3ebf000-7ffbc3ed5000 r-xp 00000000 08:02 659966                     /home/carbonyl/JetBrains/android-studio/jre/lib/amd64/jli/libjli.so
7ffbc3ed5000-7ffbc40d4000 ---p 00016000 08:02 659966                     /home/carbonyl/JetBrains/android-studio/jre/lib/amd64/jli/libjli.so
7ffbc40d4000-7ffbc40d5000 r--p 00015000 08:02 659966                     /home/carbonyl/JetBrains/android-studio/jre/lib/amd64/jli/libjli.so
7ffbc40d5000-7ffbc40d6000 rw-p 00016000 08:02 659966                     /home/carbonyl/JetBrains/android-studio/jre/lib/amd64/jli/libjli.so
7ffbc40d6000-7ffbc40fc000 r-xp 00000000 08:02 6029394                    /lib/x86_64-linux-gnu/ld-2.24.so
7ffbc41ae000-7ffbc41c3000 ---p 00000000 00:00 0 
7ffbc41c3000-7ffbc41cf000 rw-p 00000000 00:00 0 
7ffbc41cf000-7ffbc41d2000 ---p 00000000 00:00 0 
7ffbc41d2000-7ffbc42d2000 rw-p 00000000 00:00 0 
7ffbc42ee000-7ffbc42f6000 rw-s 00000000 08:02 6954591                    /tmp/hsperfdata_carbonyl/13631
7ffbc42f6000-7ffbc42f7000 rw-p 00000000 00:00 0 
7ffbc42f7000-7ffbc42f8000 r--p 00000000 00:00 0 
7ffbc42f8000-7ffbc42fb000 rw-p 00000000 00:00 0 
7ffbc42fb000-7ffbc42fc000 r--p 00025000 08:02 6029394                    /lib/x86_64-linux-gnu/ld-2.24.so
7ffbc42fc000-7ffbc42fd000 rw-p 00026000 08:02 6029394                    /lib/x86_64-linux-gnu/ld-2.24.so
7ffbc42fd000-7ffbc42fe000 rw-p 00000000 00:00 0 
7ffee457c000-7ffee459e000 rw-p 00000000 00:00 0                          [stack]
7ffee45fa000-7ffee45fc000 r--p 00000000 00:00 0                          [vvar]
7ffee45fc000-7ffee45fe000 r-xp 00000000 00:00 0                          [vdso]
ffffffffff600000-ffffffffff601000 r-xp 00000000 00:00 0                  [vsyscall]

VM Arguments:
jvm_args: -Djava.awt.headless=true -Xmx64M -Dfile.encoding=UTF-8 -Duser.country=CN -Duser.language=zh -Duser.variant 
java_command: com.google.devtools.build.android.desugar.Desugar --input /home/carbonyl/Github/GCI2017/contact-groups-android/app/build/intermediates/transforms/stackFramesFixer/debug/15.jar --output /home/carbonyl/Github/GCI2017/contact-groups-android/app/build/intermediates/transforms/desugar/debug/16.jar --input /home/carbonyl/Github/GCI2017/contact-groups-android/app/build/intermediates/classes/debug --output /home/carbonyl/Github/GCI2017/contact-groups-android/app/build/intermediates/transforms/desugar/debug/0 --input /home/carbonyl/Github/GCI2017/contact-groups-android/app/build/intermediates/transforms/stackFramesFixer/debug/7.jar --output /home/carbonyl/Github/GCI2017/contact-groups-android/app/build/intermediates/transforms/desugar/debug/8.jar --input /home/carbonyl/Github/GCI2017/contact-groups-android/app/build/intermediates/transforms/stackFramesFixer/debug/17.jar --output /home/carbonyl/Github/GCI2017/contact-groups-android/app/build/intermediates/transforms/desugar/debug/18.jar --input /home/carbonyl/Github/GCI2017/contact-groups-android/app/build/intermediates/transforms/stackFramesFixer/debug/23.jar --output /home/carbonyl/Github/GCI2017/contact-groups-android/app/build/intermediates/transforms/desugar/debug/24.jar --input /home/carbonyl/Github/GCI2017/contact-groups-android/app/build/intermediates/transforms/stackFramesFixer/debug/2.jar --output /home/carbonyl/Github/GCI2017/contact-groups-android/app/build/intermediates/transforms/desugar/debug/3.jar --classpath_entry /home/carbonyl/Github/GCI2017/contact-groups-android/app/build/intermediates/classes/debug --classpath_entry /home/carbonyl/Github/GCI2017/contact-groups-android/app/build/intermediates/transforms/stackFramesFixer/debug/0.jar --classpath_entry /home/carbonyl/Github/GCI2017/contact-groups-android/app/build/intermediates/transforms/stackFramesFixer/debug/1.jar --classpath_entry /home/carbonyl/Github/GCI2017/contact-groups-android/app/build/intermediates/transforms/stackFramesFixer/debu
java_class_path (initial): /tmp/desugar_deploy.jar747693342582809196
Launcher Type: SUN_STANDARD

Environment Variables:
PATH=/usr/local/sbin:/usr/local/bin:/usr/sbin:/usr/bin:/sbin:/bin:/usr/games:/usr/local/games:/snap/bin
LD_LIBRARY_PATH=/home/carbonyl/JetBrains/android-studio/bin:
SHELL=/bin/bash
DISPLAY=:0

Signal Handlers:
SIGSEGV: [libjvm.so+0x9ebc60], sa_mask[0]=11111111011111111101111111111110, sa_flags=SA_RESTART|SA_SIGINFO
SIGBUS: [libjvm.so+0x9ebc60], sa_mask[0]=11111111011111111101111111111110, sa_flags=SA_RESTART|SA_SIGINFO
SIGFPE: [libjvm.so+0x84cf60], sa_mask[0]=11111111011111111101111111111110, sa_flags=SA_RESTART|SA_SIGINFO
SIGPIPE: [libjvm.so+0x84cf60], sa_mask[0]=11111111011111111101111111111110, sa_flags=SA_RESTART|SA_SIGINFO
SIGXFSZ: [libjvm.so+0x84cf60], sa_mask[0]=11111111011111111101111111111110, sa_flags=SA_RESTART|SA_SIGINFO
SIGILL: [libjvm.so+0x84cf60], sa_mask[0]=11111111011111111101111111111110, sa_flags=SA_RESTART|SA_SIGINFO
SIGUSR1: SIG_DFL, sa_mask[0]=00000000000000000000000000000000, sa_flags=none
SIGUSR2: [libjvm.so+0x84ce30], sa_mask[0]=00100000000000000000000000000000, sa_flags=SA_RESTART|SA_SIGINFO
SIGHUP: SIG_DFL, sa_mask[0]=00000000000000000000000000000000, sa_flags=none
SIGINT: SIG_DFL, sa_mask[0]=00000000000000000000000000000000, sa_flags=none
SIGTERM: SIG_DFL, sa_mask[0]=00000000000000000000000000000000, sa_flags=none
SIGQUIT: SIG_DFL, sa_mask[0]=00000000000000000000000000000000, sa_flags=none


---------------  S Y S T E M  ---------------

OS:DISTRIB_ID=Ubuntu
DISTRIB_RELEASE=17.04
DISTRIB_CODENAME=zesty
DISTRIB_DESCRIPTION="Ubuntu 17.04"

uname:Linux 4.10.0-19-generic #21-Ubuntu SMP Thu Apr 6 17:04:57 UTC 2017 x86_64
libc:glibc 2.24 NPTL 2.24 
rlimit: STACK 8192k, CORE 0k, NPROC 14696, NOFILE 4096, AS infinity
load average:2.01 1.40 1.36

/proc/meminfo:
MemTotal:        3893244 kB
MemFree:           86452 kB
MemAvailable:          0 kB
Buffers:             372 kB
Cached:           290568 kB
SwapCached:          292 kB
Active:          2943816 kB
Inactive:         592312 kB
Active(anon):    2939628 kB
Inactive(anon):   587972 kB
Active(file):       4188 kB
Inactive(file):     4340 kB
Unevictable:         448 kB
Mlocked:             448 kB
SwapTotal:       2097148 kB
SwapFree:              0 kB
Dirty:                36 kB
Writeback:            96 kB
AnonPages:       3245500 kB
Mapped:             6936 kB
Shmem:            282252 kB
Slab:             114628 kB
SReclaimable:      47108 kB
SUnreclaim:        67520 kB
KernelStack:       17568 kB
PageTables:        79176 kB
NFS_Unstable:          0 kB
Bounce:                0 kB
WritebackTmp:          0 kB
CommitLimit:     4043768 kB
Committed_AS:   13649440 kB
VmallocTotal:   34359738367 kB
VmallocUsed:           0 kB
VmallocChunk:          0 kB
HardwareCorrupted:     0 kB
AnonHugePages:    641024 kB
ShmemHugePages:        0 kB
ShmemPmdMapped:        0 kB
CmaTotal:              0 kB
CmaFree:               0 kB
HugePages_Total:       0
HugePages_Free:        0
HugePages_Rsvd:        0
HugePages_Surp:        0
Hugepagesize:       2048 kB
DirectMap4k:      267036 kB
DirectMap2M:     3776512 kB
DirectMap1G:           0 kB


CPU:total 4 (initial active 4) (2 cores per cpu, 2 threads per core) family 6 model 78 stepping 3, cmov, cx8, fxsr, mmx, sse, sse2, sse3, ssse3, sse4.1, sse4.2, popcnt, avx, avx2, aes, clmul, erms, rtm, 3dnowpref, lzcnt, ht, tsc, tscinvbit, bmi1, bmi2, adx

/proc/cpuinfo:
processor	: 0
vendor_id	: GenuineIntel
cpu family	: 6
model		: 78
model name	: Intel(R) Core(TM) i3-6100U CPU @ 2.30GHz
stepping	: 3
microcode	: 0x9e
cpu MHz		: 2300.000
cache size	: 3072 KB
physical id	: 0
siblings	: 4
core id		: 0
cpu cores	: 2
apicid		: 0
initial apicid	: 0
fpu		: yes
fpu_exception	: yes
cpuid level	: 22
wp		: yes
flags		: fpu vme de pse tsc msr pae mce cx8 apic sep mtrr pge mca cmov pat pse36 clflush dts acpi mmx fxsr sse sse2 ss ht tm pbe syscall nx pdpe1gb rdtscp lm constant_tsc art arch_perfmon pebs bts rep_good nopl xtopology nonstop_tsc aperfmperf tsc_known_freq pni pclmulqdq dtes64 monitor ds_cpl vmx est tm2 ssse3 sdbg fma cx16 xtpr pdcm pcid sse4_1 sse4_2 x2apic movbe popcnt tsc_deadline_timer aes xsave avx f16c rdrand lahf_lm abm 3dnowprefetch epb intel_pt tpr_shadow vnmi flexpriority ept vpid fsgsbase tsc_adjust bmi1 hle avx2 smep bmi2 erms invpcid rtm mpx rdseed adx smap clflushopt xsaveopt xsavec xgetbv1 xsaves dtherm ida arat pln pts hwp hwp_notify hwp_act_window hwp_epp
bugs		:
bogomips	: 4608.00
clflush size	: 64
cache_alignment	: 64
address sizes	: 39 bits physical, 48 bits virtual
power management:

processor	: 1
vendor_id	: GenuineIntel
cpu family	: 6
model		: 78
model name	: Intel(R) Core(TM) i3-6100U CPU @ 2.30GHz
stepping	: 3
microcode	: 0x9e
cpu MHz		: 2299.859
cache size	: 3072 KB
physical id	: 0
siblings	: 4
core id		: 1
cpu cores	: 2
apicid		: 2
initial apicid	: 2
fpu		: yes
fpu_exception	: yes
cpuid level	: 22
wp		: yes
flags		: fpu vme de pse tsc msr pae mce cx8 apic sep mtrr pge mca cmov pat pse36 clflush dts acpi mmx fxsr sse sse2 ss ht tm pbe syscall nx pdpe1gb rdtscp lm constant_tsc art arch_perfmon pebs bts rep_good nopl xtopology nonstop_tsc aperfmperf tsc_known_freq pni pclmulqdq dtes64 monitor ds_cpl vmx est tm2 ssse3 sdbg fma cx16 xtpr pdcm pcid sse4_1 sse4_2 x2apic movbe popcnt tsc_deadline_timer aes xsave avx f16c rdrand lahf_lm abm 3dnowprefetch epb intel_pt tpr_shadow vnmi flexpriority ept vpid fsgsbase tsc_adjust bmi1 hle avx2 smep bmi2 erms invpcid rtm mpx rdseed adx smap clflushopt xsaveopt xsavec xgetbv1 xsaves dtherm ida arat pln pts hwp hwp_notify hwp_act_window hwp_epp
bugs		:
bogomips	: 4608.00
clflush size	: 64
cache_alignment	: 64
address sizes	: 39 bits physical, 48 bits virtual
power management:

processor	: 2
vendor_id	: GenuineIntel
cpu family	: 6
model		: 78
model name	: Intel(R) Core(TM) i3-6100U CPU @ 2.30GHz
stepping	: 3
microcode	: 0x9e
cpu MHz		: 2300.000
cache size	: 3072 KB
physical id	: 0
siblings	: 4
core id		: 0
cpu cores	: 2
apicid		: 1
initial apicid	: 1
fpu		: yes
fpu_exception	: yes
cpuid level	: 22
wp		: yes
flags		: fpu vme de pse tsc msr pae mce cx8 apic sep mtrr pge mca cmov pat pse36 clflush dts acpi mmx fxsr sse sse2 ss ht tm pbe syscall nx pdpe1gb rdtscp lm constant_tsc art arch_perfmon pebs bts rep_good nopl xtopology nonstop_tsc aperfmperf tsc_known_freq pni pclmulqdq dtes64 monitor ds_cpl vmx est tm2 ssse3 sdbg fma cx16 xtpr pdcm pcid sse4_1 sse4_2 x2apic movbe popcnt tsc_deadline_timer aes xsave avx f16c rdrand lahf_lm abm 3dnowprefetch epb intel_pt tpr_shadow vnmi flexpriority ept vpid fsgsbase tsc_adjust bmi1 hle avx2 smep bmi2 erms invpcid rtm mpx rdseed adx smap clflushopt xsaveopt xsavec xgetbv1 xsaves dtherm ida arat pln pts hwp hwp_notify hwp_act_window hwp_epp
bugs		:
bogomips	: 4608.00
clflush size	: 64
cache_alignment	: 64
address sizes	: 39 bits physical, 48 bits virtual
power management:

processor	: 3
vendor_id	: GenuineIntel
cpu family	: 6
model		: 78
model name	: Intel(R) Core(TM) i3-6100U CPU @ 2.30GHz
stepping	: 3
microcode	: 0x9e
cpu MHz		: 2300.000
cache size	: 3072 KB
physical id	: 0
siblings	: 4
core id		: 1
cpu cores	: 2
apicid		: 3
initial apicid	: 3
fpu		: yes
fpu_exception	: yes
cpuid level	: 22
wp		: yes
flags		: fpu vme de pse tsc msr pae mce cx8 apic sep mtrr pge mca cmov pat pse36 clflush dts acpi mmx fxsr sse sse2 ss ht tm pbe syscall nx pdpe1gb rdtscp lm constant_tsc art arch_perfmon pebs bts rep_good nopl xtopology nonstop_tsc aperfmperf tsc_known_freq pni pclmulqdq dtes64 monitor ds_cpl vmx est tm2 ssse3 sdbg fma cx16 xtpr pdcm pcid sse4_1 sse4_2 x2apic movbe popcnt tsc_deadline_timer aes xsave avx f16c rdrand lahf_lm abm 3dnowprefetch epb intel_pt tpr_shadow vnmi flexpriority ept vpid fsgsbase tsc_adjust bmi1 hle avx2 smep bmi2 erms invpcid rtm mpx rdseed adx smap clflushopt xsaveopt xsavec xgetbv1 xsaves dtherm ida arat pln pts hwp hwp_notify hwp_act_window hwp_epp
bugs		:
bogomips	: 4608.00
clflush size	: 64
cache_alignment	: 64
address sizes	: 39 bits physical, 48 bits virtual
power management:



Memory: 4k page, physical 3893244k(86404k free), swap 2097148k(0k free)

vm_info: OpenJDK 64-Bit Server VM (25.152-b01) for linux-amd64 JRE (1.8.0_152-release-915-b01), built by "builder" with gcc 4.8.4

time: Tue Dec 19 14:57:32 2017
elapsed time: 1 seconds (0d 0h 0m 1s)

