#
# There is insufficient memory for the Java Runtime Environment to continue.
# Native memory allocation (mmap) failed to map 41943040 bytes for committing reserved memory.
# Possible reasons:
#   The system is out of physical RAM or swap space
#   In 32 bit mode, the process size limit was hit
# Possible solutions:
#   Reduce memory load on the system
#   Increase physical memory or swap space
#   Check if swap backing store is full
#   Use 64 bit Java on a 64 bit OS
#   Decrease Java heap size (-Xmx/-Xms)
#   Decrease number of Java threads
#   Decrease Java thread stack sizes (-Xss)
#   Set larger code cache with -XX:ReservedCodeCacheSize=
# This output file may be truncated or incomplete.
#
#  Out of Memory Error (os_linux.cpp:2640), pid=13635, tid=0x00007f07e4f06700
#
# JRE version:  (8.0_152-b01) (build )
# Java VM: OpenJDK 64-Bit Server VM (25.152-b01 mixed mode linux-amd64 compressed oops)
# Failed to write core dump. Core dumps have been disabled. To enable core dumping, try "ulimit -c unlimited" before starting Java again
#

---------------  T H R E A D  ---------------

Current thread (0x00007f07dc00d800):  JavaThread "Unknown thread" [_thread_in_vm, id=13640, stack(0x00007f07e4e06000,0x00007f07e4f07000)]

Stack: [0x00007f07e4e06000,0x00007f07e4f07000],  sp=0x00007f07e4f05620,  free space=1021k
Native frames: (J=compiled Java code, j=interpreted, Vv=VM code, C=native code)
V  [libjvm.so+0x9eb15d]  VMError::report_and_die()+0x15d
V  [libjvm.so+0x4b8eaa]  report_vm_out_of_memory(char const*, int, unsigned long, VMErrorType, char const*)+0x8a
V  [libjvm.so+0x851370]  os::pd_commit_memory(char*, unsigned long, unsigned long, bool)+0xf0
V  [libjvm.so+0x84be8f]  os::commit_memory(char*, unsigned long, unsigned long, bool)+0x1f
V  [libjvm.so+0x8c261b]  PSVirtualSpace::expand_by(unsigned long)+0x5b
V  [libjvm.so+0x8b4598]  PSOldGen::initialize(ReservedSpace, unsigned long, char const*, int)+0xa8
V  [libjvm.so+0x2c4933]  AdjoiningGenerations::AdjoiningGenerations(ReservedSpace, GenerationSizer*, unsigned long)+0x353
V  [libjvm.so+0x875021]  ParallelScavengeHeap::initialize()+0x211
V  [libjvm.so+0x9b65a9]  Universe::initialize_heap()+0x189
V  [libjvm.so+0x9b67a3]  universe_init()+0x33
V  [libjvm.so+0x5e0ba5]  init_globals()+0x55
V  [libjvm.so+0x999b93]  Threads::create_vm(JavaVMInitArgs*, bool*)+0x2b3
V  [libjvm.so+0x64e9b2]  JNI_CreateJavaVM+0x52
C  [libjli.so+0x77c8]  JavaMain+0x88
C  [libpthread.so.0+0x76da]  start_thread+0xca


---------------  P R O C E S S  ---------------

Java Threads: ( => current thread )

Other Threads:

=>0x00007f07dc00d800 (exited) JavaThread "Unknown thread" [_thread_in_vm, id=13640, stack(0x00007f07e4e06000,0x00007f07e4f07000)]

VM state:not at safepoint (not fully initialized)

VM Mutex/Monitor currently owned by a thread: None

GC Heap History (0 events):
No events

Deoptimization events (0 events):
No events

Classes redefined (0 events):
No events

Internal exceptions (0 events):
No events

Events (0 events):
No events


Dynamic libraries:
00400000-00401000 r-xp 00000000 08:02 659918                             /home/carbonyl/JetBrains/android-studio/jre/bin/java
00600000-00601000 r--p 00000000 08:02 659918                             /home/carbonyl/JetBrains/android-studio/jre/bin/java
00601000-00602000 rw-p 00001000 08:02 659918                             /home/carbonyl/JetBrains/android-studio/jre/bin/java
014a8000-014c9000 rw-p 00000000 00:00 0                                  [heap]
fe800000-feb00000 ---p 00000000 00:00 0 
feb00000-fff00000 rw-p 00000000 00:00 0 
fff00000-100000000 ---p 00000000 00:00 0 
7f07cd000000-7f07cd270000 rwxp 00000000 00:00 0 
7f07cd270000-7f07dc000000 ---p 00000000 00:00 0 
7f07dc000000-7f07dc038000 rw-p 00000000 00:00 0 
7f07dc038000-7f07e0000000 ---p 00000000 00:00 0 
7f07e1a23000-7f07e1ca5000 rw-p 00000000 00:00 0 
7f07e1ca5000-7f07e205b000 ---p 00000000 00:00 0 
7f07e205b000-7f07e2075000 r-xp 00000000 08:02 660018                     /home/carbonyl/JetBrains/android-studio/jre/jre/lib/amd64/libzip.so
7f07e2075000-7f07e2275000 ---p 0001a000 08:02 660018                     /home/carbonyl/JetBrains/android-studio/jre/jre/lib/amd64/libzip.so
7f07e2275000-7f07e2276000 r--p 0001a000 08:02 660018                     /home/carbonyl/JetBrains/android-studio/jre/jre/lib/amd64/libzip.so
7f07e2276000-7f07e2277000 rw-p 0001b000 08:02 660018                     /home/carbonyl/JetBrains/android-studio/jre/jre/lib/amd64/libzip.so
7f07e2277000-7f07e2282000 r-xp 00000000 08:02 6029408                    /lib/x86_64-linux-gnu/libnss_files-2.24.so
7f07e2282000-7f07e2481000 ---p 0000b000 08:02 6029408                    /lib/x86_64-linux-gnu/libnss_files-2.24.so
7f07e2481000-7f07e2482000 r--p 0000a000 08:02 6029408                    /lib/x86_64-linux-gnu/libnss_files-2.24.so
7f07e2482000-7f07e2483000 rw-p 0000b000 08:02 6029408                    /lib/x86_64-linux-gnu/libnss_files-2.24.so
7f07e2483000-7f07e2489000 rw-p 00000000 00:00 0 
7f07e2489000-7f07e2494000 r-xp 00000000 08:02 6033835                    /lib/x86_64-linux-gnu/libnss_nis-2.24.so
7f07e2494000-7f07e2693000 ---p 0000b000 08:02 6033835                    /lib/x86_64-linux-gnu/libnss_nis-2.24.so
7f07e2693000-7f07e2694000 r--p 0000a000 08:02 6033835                    /lib/x86_64-linux-gnu/libnss_nis-2.24.so
7f07e2694000-7f07e2695000 rw-p 0000b000 08:02 6033835                    /lib/x86_64-linux-gnu/libnss_nis-2.24.so
7f07e2695000-7f07e26ab000 r-xp 00000000 08:02 6029405                    /lib/x86_64-linux-gnu/libnsl-2.24.so
7f07e26ab000-7f07e28aa000 ---p 00016000 08:02 6029405                    /lib/x86_64-linux-gnu/libnsl-2.24.so
7f07e28aa000-7f07e28ab000 r--p 00015000 08:02 6029405                    /lib/x86_64-linux-gnu/libnsl-2.24.so
7f07e28ab000-7f07e28ac000 rw-p 00016000 08:02 6029405                    /lib/x86_64-linux-gnu/libnsl-2.24.so
7f07e28ac000-7f07e28ae000 rw-p 00000000 00:00 0 
7f07e28ae000-7f07e28b6000 r-xp 00000000 08:02 6029406                    /lib/x86_64-linux-gnu/libnss_compat-2.24.so
7f07e28b6000-7f07e2ab5000 ---p 00008000 08:02 6029406                    /lib/x86_64-linux-gnu/libnss_compat-2.24.so
7f07e2ab5000-7f07e2ab6000 r--p 00007000 08:02 6029406                    /lib/x86_64-linux-gnu/libnss_compat-2.24.so
7f07e2ab6000-7f07e2ab7000 rw-p 00008000 08:02 6029406                    /lib/x86_64-linux-gnu/libnss_compat-2.24.so
7f07e2ab7000-7f07e2ae4000 r-xp 00000000 08:02 660017                     /home/carbonyl/JetBrains/android-studio/jre/jre/lib/amd64/libjava.so
7f07e2ae4000-7f07e2ce3000 ---p 0002d000 08:02 660017                     /home/carbonyl/JetBrains/android-studio/jre/jre/lib/amd64/libjava.so
7f07e2ce3000-7f07e2ce4000 r--p 0002c000 08:02 660017                     /home/carbonyl/JetBrains/android-studio/jre/jre/lib/amd64/libjava.so
7f07e2ce4000-7f07e2ce6000 rw-p 0002d000 08:02 660017                     /home/carbonyl/JetBrains/android-studio/jre/jre/lib/amd64/libjava.so
7f07e2ce6000-7f07e2cf6000 r-xp 00000000 08:02 660023                     /home/carbonyl/JetBrains/android-studio/jre/jre/lib/amd64/libverify.so
7f07e2cf6000-7f07e2ef5000 ---p 00010000 08:02 660023                     /home/carbonyl/JetBrains/android-studio/jre/jre/lib/amd64/libverify.so
7f07e2ef5000-7f07e2ef7000 r--p 0000f000 08:02 660023                     /home/carbonyl/JetBrains/android-studio/jre/jre/lib/amd64/libverify.so
7f07e2ef7000-7f07e2ef8000 rw-p 00011000 08:02 660023                     /home/carbonyl/JetBrains/android-studio/jre/jre/lib/amd64/libverify.so
7f07e2ef8000-7f07e2eff000 r-xp 00000000 08:02 6033958                    /lib/x86_64-linux-gnu/librt-2.24.so
7f07e2eff000-7f07e30fe000 ---p 00007000 08:02 6033958                    /lib/x86_64-linux-gnu/librt-2.24.so
7f07e30fe000-7f07e30ff000 r--p 00006000 08:02 6033958                    /lib/x86_64-linux-gnu/librt-2.24.so
7f07e30ff000-7f07e3100000 rw-p 00007000 08:02 6033958                    /lib/x86_64-linux-gnu/librt-2.24.so
7f07e3100000-7f07e3208000 r-xp 00000000 08:02 6029402                    /lib/x86_64-linux-gnu/libm-2.24.so
7f07e3208000-7f07e3407000 ---p 00108000 08:02 6029402                    /lib/x86_64-linux-gnu/libm-2.24.so
7f07e3407000-7f07e3408000 r--p 00107000 08:02 6029402                    /lib/x86_64-linux-gnu/libm-2.24.so
7f07e3408000-7f07e3409000 rw-p 00108000 08:02 6029402                    /lib/x86_64-linux-gnu/libm-2.24.so
7f07e3409000-7f07e4001000 r-xp 00000000 08:02 660027                     /home/carbonyl/JetBrains/android-studio/jre/jre/lib/amd64/server/libjvm.so
7f07e4001000-7f07e4201000 ---p 00bf8000 08:02 660027                     /home/carbonyl/JetBrains/android-studio/jre/jre/lib/amd64/server/libjvm.so
7f07e4201000-7f07e42a0000 r--p 00bf8000 08:02 660027                     /home/carbonyl/JetBrains/android-studio/jre/jre/lib/amd64/server/libjvm.so
7f07e42a0000-7f07e42c9000 rw-p 00c97000 08:02 660027                     /home/carbonyl/JetBrains/android-studio/jre/jre/lib/amd64/server/libjvm.so
7f07e42c9000-7f07e430d000 rw-p 00000000 00:00 0 
7f07e430d000-7f07e4325000 r-xp 00000000 08:02 6033952                    /lib/x86_64-linux-gnu/libpthread-2.24.so
7f07e4325000-7f07e4525000 ---p 00018000 08:02 6033952                    /lib/x86_64-linux-gnu/libpthread-2.24.so
7f07e4525000-7f07e4526000 r--p 00018000 08:02 6033952                    /lib/x86_64-linux-gnu/libpthread-2.24.so
7f07e4526000-7f07e4527000 rw-p 00019000 08:02 6033952                    /lib/x86_64-linux-gnu/libpthread-2.24.so
7f07e4527000-7f07e452b000 rw-p 00000000 00:00 0 
7f07e452b000-7f07e452e000 r-xp 00000000 08:02 6029401                    /lib/x86_64-linux-gnu/libdl-2.24.so
7f07e452e000-7f07e472d000 ---p 00003000 08:02 6029401                    /lib/x86_64-linux-gnu/libdl-2.24.so
7f07e472d000-7f07e472e000 r--p 00002000 08:02 6029401                    /lib/x86_64-linux-gnu/libdl-2.24.so
7f07e472e000-7f07e472f000 rw-p 00003000 08:02 6029401                    /lib/x86_64-linux-gnu/libdl-2.24.so
7f07e472f000-7f07e48ed000 r-xp 00000000 08:02 6029398                    /lib/x86_64-linux-gnu/libc-2.24.so
7f07e48ed000-7f07e4aec000 ---p 001be000 08:02 6029398                    /lib/x86_64-linux-gnu/libc-2.24.so
7f07e4aec000-7f07e4af0000 r--p 001bd000 08:02 6029398                    /lib/x86_64-linux-gnu/libc-2.24.so
7f07e4af0000-7f07e4af2000 rw-p 001c1000 08:02 6029398                    /lib/x86_64-linux-gnu/libc-2.24.so
7f07e4af2000-7f07e4af6000 rw-p 00000000 00:00 0 
7f07e4af6000-7f07e4b0c000 r-xp 00000000 08:02 659966                     /home/carbonyl/JetBrains/android-studio/jre/lib/amd64/jli/libjli.so
7f07e4b0c000-7f07e4d0b000 ---p 00016000 08:02 659966                     /home/carbonyl/JetBrains/android-studio/jre/lib/amd64/jli/libjli.so
7f07e4d0b000-7f07e4d0c000 r--p 00015000 08:02 659966                     /home/carbonyl/JetBrains/android-studio/jre/lib/amd64/jli/libjli.so
7f07e4d0c000-7f07e4d0d000 rw-p 00016000 08:02 659966                     /home/carbonyl/JetBrains/android-studio/jre/lib/amd64/jli/libjli.so
7f07e4d0d000-7f07e4d33000 r-xp 00000000 08:02 6029394                    /lib/x86_64-linux-gnu/ld-2.24.so
7f07e4de5000-7f07e4dfa000 ---p 00000000 00:00 0 
7f07e4dfa000-7f07e4e06000 rw-p 00000000 00:00 0 
7f07e4e06000-7f07e4e09000 ---p 00000000 00:00 0 
7f07e4e09000-7f07e4f09000 rw-p 00000000 00:00 0 
7f07e4f25000-7f07e4f2d000 rw-s 00000000 08:02 6954593                    /tmp/hsperfdata_carbonyl/13635
7f07e4f2d000-7f07e4f2e000 rw-p 00000000 00:00 0 
7f07e4f2e000-7f07e4f2f000 r--p 00000000 00:00 0 
7f07e4f2f000-7f07e4f32000 rw-p 00000000 00:00 0 
7f07e4f32000-7f07e4f33000 r--p 00025000 08:02 6029394                    /lib/x86_64-linux-gnu/ld-2.24.so
7f07e4f33000-7f07e4f34000 rw-p 00026000 08:02 6029394                    /lib/x86_64-linux-gnu/ld-2.24.so
7f07e4f34000-7f07e4f35000 rw-p 00000000 00:00 0 
7fffda9d9000-7fffda9fb000 rw-p 00000000 00:00 0                          [stack]
7fffda9fc000-7fffda9fe000 r--p 00000000 00:00 0                          [vvar]
7fffda9fe000-7fffdaa00000 r-xp 00000000 00:00 0                          [vdso]
ffffffffff600000-ffffffffff601000 r-xp 00000000 00:00 0                  [vsyscall]

VM Arguments:
jvm_args: -Djava.awt.headless=true -Xmx64M -Dfile.encoding=UTF-8 -Duser.country=CN -Duser.language=zh -Duser.variant 
java_command: com.google.devtools.build.android.desugar.Desugar --input /home/carbonyl/Github/GCI2017/contact-groups-android/app/build/intermediates/transforms/stackFramesFixer/debug/10.jar --output /home/carbonyl/Github/GCI2017/contact-groups-android/app/build/intermediates/transforms/desugar/debug/11.jar --input /home/carbonyl/Github/GCI2017/contact-groups-android/app/build/intermediates/transforms/stackFramesFixer/debug/12.jar --output /home/carbonyl/Github/GCI2017/contact-groups-android/app/build/intermediates/transforms/desugar/debug/13.jar --input /home/carbonyl/Github/GCI2017/contact-groups-android/app/build/intermediates/transforms/stackFramesFixer/debug/24.jar --output /home/carbonyl/Github/GCI2017/contact-groups-android/app/build/intermediates/transforms/desugar/debug/25.jar --input /home/carbonyl/Github/GCI2017/contact-groups-android/app/build/intermediates/transforms/stackFramesFixer/debug/6.jar --output /home/carbonyl/Github/GCI2017/contact-groups-android/app/build/intermediates/transforms/desugar/debug/7.jar --input /home/carbonyl/Github/GCI2017/contact-groups-android/app/build/intermediates/transforms/stackFramesFixer/debug/0.jar --output /home/carbonyl/Github/GCI2017/contact-groups-android/app/build/intermediates/transforms/desugar/debug/1.jar --input /home/carbonyl/Github/GCI2017/contact-groups-android/app/build/intermediates/transforms/stackFramesFixer/debug/3.jar --output /home/carbonyl/Github/GCI2017/contact-groups-android/app/build/intermediates/transforms/desugar/debug/4.jar --input /home/carbonyl/Github/GCI2017/contact-groups-android/app/build/intermediates/transforms/stackFramesFixer/debug/20.jar --output /home/carbonyl/Github/GCI2017/contact-groups-android/app/build/intermediates/transforms/desugar/debug/21.jar --classpath_entry /home/carbonyl/Github/GCI2017/contact-groups-android/app/build/intermediates/classes/debug --classpath_entry /home/carbonyl/Github/GCI2017/contact-groups-android/app/build/intermediates/transforms/stackFramesFixer/
java_class_path (initial): /tmp/desugar_deploy.jar747693342582809196
Launcher Type: SUN_STANDARD

Environment Variables:
PATH=/usr/local/sbin:/usr/local/bin:/usr/sbin:/usr/bin:/sbin:/bin:/usr/games:/usr/local/games:/snap/bin
LD_LIBRARY_PATH=/home/carbonyl/JetBrains/android-studio/bin:
SHELL=/bin/bash
DISPLAY=:0

Signal Handlers:
SIGSEGV: [libjvm.so+0x9ebc60], sa_mask[0]=11111111011111111101111111111110, sa_flags=SA_RESTART|SA_SIGINFO
SIGBUS: [libjvm.so+0x9ebc60], sa_mask[0]=11111111011111111101111111111110, sa_flags=SA_RESTART|SA_SIGINFO
SIGFPE: [libjvm.so+0x84cf60], sa_mask[0]=11111111011111111101111111111110, sa_flags=SA_RESTART|SA_SIGINFO
SIGPIPE: [libjvm.so+0x84cf60], sa_mask[0]=11111111011111111101111111111110, sa_flags=SA_RESTART|SA_SIGINFO
SIGXFSZ: [libjvm.so+0x84cf60], sa_mask[0]=11111111011111111101111111111110, sa_flags=SA_RESTART|SA_SIGINFO
SIGILL: [libjvm.so+0x84cf60], sa_mask[0]=11111111011111111101111111111110, sa_flags=SA_RESTART|SA_SIGINFO
SIGUSR1: SIG_DFL, sa_mask[0]=00000000000000000000000000000000, sa_flags=none
SIGUSR2: [libjvm.so+0x84ce30], sa_mask[0]=00100000000000000000000000000000, sa_flags=SA_RESTART|SA_SIGINFO
SIGHUP: SIG_DFL, sa_mask[0]=00000000000000000000000000000000, sa_flags=none
SIGINT: SIG_DFL, sa_mask[0]=00000000000000000000000000000000, sa_flags=none
SIGTERM: SIG_DFL, sa_mask[0]=00000000000000000000000000000000, sa_flags=none
SIGQUIT: SIG_DFL, sa_mask[0]=00000000000000000000000000000000, sa_flags=none


---------------  S Y S T E M  ---------------

OS:DISTRIB_ID=Ubuntu
DISTRIB_RELEASE=17.04
DISTRIB_CODENAME=zesty
DISTRIB_DESCRIPTION="Ubuntu 17.04"

uname:Linux 4.10.0-19-generic #21-Ubuntu SMP Thu Apr 6 17:04:57 UTC 2017 x86_64
libc:glibc 2.24 NPTL 2.24 
rlimit: STACK 8192k, CORE 0k, NPROC 14696, NOFILE 4096, AS infinity
load average:2.01 1.40 1.36

/proc/meminfo:
MemTotal:        3893244 kB
MemFree:           86076 kB
MemAvailable:          0 kB
Buffers:             316 kB
Cached:           290792 kB
SwapCached:          292 kB
Active:          2944212 kB
Inactive:         591996 kB
Active(anon):    2939628 kB
Inactive(anon):   587972 kB
Active(file):       4584 kB
Inactive(file):     4024 kB
Unevictable:         448 kB
Mlocked:             448 kB
SwapTotal:       2097148 kB
SwapFree:              0 kB
Dirty:                36 kB
Writeback:            96 kB
AnonPages:       3245500 kB
Mapped:             7528 kB
Shmem:            282252 kB
Slab:             114628 kB
SReclaimable:      47108 kB
SUnreclaim:        67520 kB
KernelStack:       17568 kB
PageTables:        79176 kB
NFS_Unstable:          0 kB
Bounce:                0 kB
WritebackTmp:          0 kB
CommitLimit:     4043768 kB
Committed_AS:   13649440 kB
VmallocTotal:   34359738367 kB
VmallocUsed:           0 kB
VmallocChunk:          0 kB
HardwareCorrupted:     0 kB
AnonHugePages:    641024 kB
ShmemHugePages:        0 kB
ShmemPmdMapped:        0 kB
CmaTotal:              0 kB
CmaFree:               0 kB
HugePages_Total:       0
HugePages_Free:        0
HugePages_Rsvd:        0
HugePages_Surp:        0
Hugepagesize:       2048 kB
DirectMap4k:      267036 kB
DirectMap2M:     3776512 kB
DirectMap1G:           0 kB


CPU:total 4 (initial active 4) (2 cores per cpu, 2 threads per core) family 6 model 78 stepping 3, cmov, cx8, fxsr, mmx, sse, sse2, sse3, ssse3, sse4.1, sse4.2, popcnt, avx, avx2, aes, clmul, erms, rtm, 3dnowpref, lzcnt, ht, tsc, tscinvbit, bmi1, bmi2, adx

/proc/cpuinfo:
processor	: 0
vendor_id	: GenuineIntel
cpu family	: 6
model		: 78
model name	: Intel(R) Core(TM) i3-6100U CPU @ 2.30GHz
stepping	: 3
microcode	: 0x9e
cpu MHz		: 2300.000
cache size	: 3072 KB
physical id	: 0
siblings	: 4
core id		: 0
cpu cores	: 2
apicid		: 0
initial apicid	: 0
fpu		: yes
fpu_exception	: yes
cpuid level	: 22
wp		: yes
flags		: fpu vme de pse tsc msr pae mce cx8 apic sep mtrr pge mca cmov pat pse36 clflush dts acpi mmx fxsr sse sse2 ss ht tm pbe syscall nx pdpe1gb rdtscp lm constant_tsc art arch_perfmon pebs bts rep_good nopl xtopology nonstop_tsc aperfmperf tsc_known_freq pni pclmulqdq dtes64 monitor ds_cpl vmx est tm2 ssse3 sdbg fma cx16 xtpr pdcm pcid sse4_1 sse4_2 x2apic movbe popcnt tsc_deadline_timer aes xsave avx f16c rdrand lahf_lm abm 3dnowprefetch epb intel_pt tpr_shadow vnmi flexpriority ept vpid fsgsbase tsc_adjust bmi1 hle avx2 smep bmi2 erms invpcid rtm mpx rdseed adx smap clflushopt xsaveopt xsavec xgetbv1 xsaves dtherm ida arat pln pts hwp hwp_notify hwp_act_window hwp_epp
bugs		:
bogomips	: 4608.00
clflush size	: 64
cache_alignment	: 64
address sizes	: 39 bits physical, 48 bits virtual
power management:

processor	: 1
vendor_id	: GenuineIntel
cpu family	: 6
model		: 78
model name	: Intel(R) Core(TM) i3-6100U CPU @ 2.30GHz
stepping	: 3
microcode	: 0x9e
cpu MHz		: 2300.000
cache size	: 3072 KB
physical id	: 0
siblings	: 4
core id		: 1
cpu cores	: 2
apicid		: 2
initial apicid	: 2
fpu		: yes
fpu_exception	: yes
cpuid level	: 22
wp		: yes
flags		: fpu vme de pse tsc msr pae mce cx8 apic sep mtrr pge mca cmov pat pse36 clflush dts acpi mmx fxsr sse sse2 ss ht tm pbe syscall nx pdpe1gb rdtscp lm constant_tsc art arch_perfmon pebs bts rep_good nopl xtopology nonstop_tsc aperfmperf tsc_known_freq pni pclmulqdq dtes64 monitor ds_cpl vmx est tm2 ssse3 sdbg fma cx16 xtpr pdcm pcid sse4_1 sse4_2 x2apic movbe popcnt tsc_deadline_timer aes xsave avx f16c rdrand lahf_lm abm 3dnowprefetch epb intel_pt tpr_shadow vnmi flexpriority ept vpid fsgsbase tsc_adjust bmi1 hle avx2 smep bmi2 erms invpcid rtm mpx rdseed adx smap clflushopt xsaveopt xsavec xgetbv1 xsaves dtherm ida arat pln pts hwp hwp_notify hwp_act_window hwp_epp
bugs		:
bogomips	: 4608.00
clflush size	: 64
cache_alignment	: 64
address sizes	: 39 bits physical, 48 bits virtual
power management:

processor	: 2
vendor_id	: GenuineIntel
cpu family	: 6
model		: 78
model name	: Intel(R) Core(TM) i3-6100U CPU @ 2.30GHz
stepping	: 3
microcode	: 0x9e
cpu MHz		: 2299.859
cache size	: 3072 KB
physical id	: 0
siblings	: 4
core id		: 0
cpu cores	: 2
apicid		: 1
initial apicid	: 1
fpu		: yes
fpu_exception	: yes
cpuid level	: 22
wp		: yes
flags		: fpu vme de pse tsc msr pae mce cx8 apic sep mtrr pge mca cmov pat pse36 clflush dts acpi mmx fxsr sse sse2 ss ht tm pbe syscall nx pdpe1gb rdtscp lm constant_tsc art arch_perfmon pebs bts rep_good nopl xtopology nonstop_tsc aperfmperf tsc_known_freq pni pclmulqdq dtes64 monitor ds_cpl vmx est tm2 ssse3 sdbg fma cx16 xtpr pdcm pcid sse4_1 sse4_2 x2apic movbe popcnt tsc_deadline_timer aes xsave avx f16c rdrand lahf_lm abm 3dnowprefetch epb intel_pt tpr_shadow vnmi flexpriority ept vpid fsgsbase tsc_adjust bmi1 hle avx2 smep bmi2 erms invpcid rtm mpx rdseed adx smap clflushopt xsaveopt xsavec xgetbv1 xsaves dtherm ida arat pln pts hwp hwp_notify hwp_act_window hwp_epp
bugs		:
bogomips	: 4608.00
clflush size	: 64
cache_alignment	: 64
address sizes	: 39 bits physical, 48 bits virtual
power management:

processor	: 3
vendor_id	: GenuineIntel
cpu family	: 6
model		: 78
model name	: Intel(R) Core(TM) i3-6100U CPU @ 2.30GHz
stepping	: 3
microcode	: 0x9e
cpu MHz		: 2300.000
cache size	: 3072 KB
physical id	: 0
siblings	: 4
core id		: 1
cpu cores	: 2
apicid		: 3
initial apicid	: 3
fpu		: yes
fpu_exception	: yes
cpuid level	: 22
wp		: yes
flags		: fpu vme de pse tsc msr pae mce cx8 apic sep mtrr pge mca cmov pat pse36 clflush dts acpi mmx fxsr sse sse2 ss ht tm pbe syscall nx pdpe1gb rdtscp lm constant_tsc art arch_perfmon pebs bts rep_good nopl xtopology nonstop_tsc aperfmperf tsc_known_freq pni pclmulqdq dtes64 monitor ds_cpl vmx est tm2 ssse3 sdbg fma cx16 xtpr pdcm pcid sse4_1 sse4_2 x2apic movbe popcnt tsc_deadline_timer aes xsave avx f16c rdrand lahf_lm abm 3dnowprefetch epb intel_pt tpr_shadow vnmi flexpriority ept vpid fsgsbase tsc_adjust bmi1 hle avx2 smep bmi2 erms invpcid rtm mpx rdseed adx smap clflushopt xsaveopt xsavec xgetbv1 xsaves dtherm ida arat pln pts hwp hwp_notify hwp_act_window hwp_epp
bugs		:
bogomips	: 4608.00
clflush size	: 64
cache_alignment	: 64
address sizes	: 39 bits physical, 48 bits virtual
power management:



Memory: 4k page, physical 3893244k(86292k free), swap 2097148k(0k free)

vm_info: OpenJDK 64-Bit Server VM (25.152-b01) for linux-amd64 JRE (1.8.0_152-release-915-b01), built by "builder" with gcc 4.8.4

time: Tue Dec 19 14:57:32 2017
elapsed time: 1 seconds (0d 0h 0m 1s)

